750
56
122
14
16
17
33
42
43
135
141
192
194
210
220
268
276
282
308
317
333
420
448
477
493
505
506
569
602
626
639
642
646
649
691
694
722
734
748
766
780
784
859
948
959
971
989
74
107
110
112
132
164
170
176
205
230
235
258
293
316
323
325
326
334
340
351
354
357
374
379
397
431
441
515
531
538
556
575
592
621
647
655
678
730
738
741
747
764
767
772
829
843
848
854
914
938
955
966
976
1
45
75
77
121
136
174
184
186
209
239
298
303
312
315
332
342
346
356
377
378
380
412
425
453
486
489
491
519
520
540
574
611
652
658
667
672
680
690
692
702
713
733
742
778
785
790
791
807
809
819
822
823
826
842
869
874
893
895
917
983
7
24
29
62
63
100
140
177
193
212
213
222
240
274
283
309
319
439
440
446
473
514
536
560
565
591
593
640
656
682
693
724
727
776
787
804
811
827
839
849
850
851
875
908
925
931
933
975
997
39
60
73
142
178
203
225
229
232
233
255
261
267
278
279
284
299
311
328
358
362
369
396
400
406
421
430
442
460
483
526
596
597
604
605
669
687
719
754
786
815
821
852
863
865
886
906
922
935
978
3
25
41
111
120
159
189
245
251
272
347
352
361
391
393
435
436
502
516
533
554
570
584
610
650
663
671
707
708
718
743
812
820
831
844
845
870
878
888
921
944
970
987
998
449 152
696 578
9
21
35
48
70
98
106
167
202
208
265
292
305
389
456
462
463
499
500
507
530
532
549
594
613
614
627
641
688
712
736
860
896
900
905
907
926
936
951
986
992
53 868
79 64
4
5
11
23
34
81
89
90
92
103
139
148
166
228
281
296
302
313
348
349
360
364
370
411
423
429
433
450
451
457
467
479
485
504
509
539
541
551
616
629
644
648
677
679
704
729
755
756
757
768
777
792
803
830
855
864
880
887
899
923
963
972
636 798
603 607
884 904
542 527
13
19
38
50
87
145
149
181
187
201
211
216
247
254
275
277
287
300
301
320
329
367
381
387
404
468
480
508
555
559
561
576
606
623
654
706
739
746
775
799
867
877
889
913
924
939
942
950
954
964
994
587 2
335 68
310 58
496 271
207 990
568 816
600 128
781 659
343 946
22
28
78
83
109
113
125
127
154
179
196
197
217
219
241
260
286
294
314
416
472
488
497
546
550
557
567
588
638
645
723
725
728
732
745
761
771
779
802
836
890
962
969
599 69
432 731
580 685
828 82
337 57
47 445
59 752
598 478
492 699
657 892
916 76
353 902
464 974
789 237
97 769
579 750
428 269
968 55
552 359
586 545
495 999
146 564
366 660
973 54
199 749
487 465
918 882
927 897
783 474
941 563
375 909
223 637
171 618
715 117
634 930
762 126
226 291
165 191
18 632
434 175
373 476
595 484
306 835
529 628
253 259
221 653
419 920
949 37
466 355
940 244
841 84
834 961
919 577
824 805
601 709
345 985
417 144
788 330
398 452
833 206
684 965
674 512
903 673
523 956
765 322
376 104
589 953
528 773
572 683
264 705
388 295
336 119
399 40
810 710
188 883
280 288
32 901
331 96
717 609
664 214
583 631
980 339
80 198
726 548
676 12
365 46
307 86
458 180
156 131
522 403
338 996
979 455
590 876
960 190
700 137
395 988
36 168
898 72
760 630
862 498
93 720
383 668
263 558
248 422
344 418
234 252
6 758
774 534
806 444
91 427
958 695
382 102
535 138
0 537
270 85
635 150
118 363
324 341
289 945
147 238
651 763
566 582
161 982
158 105
510 481
401 910
185 204
735 698
740 257
285 957
881 385
928 402
562 160
782 15
981 686
297 407
911 327
392 215
71 454
666 31
290 182
871 977
61 800
744 793
872 952
759 101
246 27
608 88
991 934
66 408
967 368
218 447
737 662
224 511
384 615
701 65
633 471
49 172
622 571
716 250
503 52
371 943
697 30
612 321
929 711
405 817
932 689
157 443
459 482
415 123
847 390
490 947
116 114
517 993
620 818
857 840
494 624
173 236
20 143
846 501
410 115
794 133
424 825
885 414
521 585
984 544
409 838
525 386
814 95
134 99
372 266
438 350
661 163
866 670
437 475
813 681
751 573
714 273
318 675
770 915
8 753
513 937
524 129
124 553
891 243
858 130
426 108
227 837
625 413
619 879
995 151
665 853
547 169
155 643
721 801
617 912
231 10
67 832
795 518
808 256
195 44
26 153
703 470
304 797
162 394
796 873
461 94
861 856
51 200
543 249
183 262
581 242
894 469
